<?xml version="1.0" encoding="UTF-8"?>
<testng-results ignored="0" total="1" passed="1" failed="0" skipped="0">
  <reporter-output>
  </reporter-output>
  <suite started-at="2023-05-11T11:36:46 IST" name="Suite" finished-at="2023-05-11T11:36:59 IST" duration-ms="13095">
    <groups>
    </groups>
    <test started-at="2023-05-11T11:36:46 IST" name="Test" finished-at="2023-05-11T11:36:59 IST" duration-ms="13095">
      <class name="com.testautomation.apitesting.tests.EndToEndTest">
        <test-method is-config="true" signature="beforeMethod()[pri:0, instance:com.testautomation.apitesting.tests.EndToEndTest@22d7b4f8]" started-at="2023-05-11T11:36:46 IST" name="beforeMethod" finished-at="2023-05-11T11:36:48 IST" duration-ms="1881" status="PASS">
          <reporter-output>
          </reporter-output>
        </test-method> <!-- beforeMethod -->
        <test-method signature="endtoend()[pri:0, instance:com.testautomation.apitesting.tests.EndToEndTest@22d7b4f8]" started-at="2023-05-11T11:36:48 IST" name="endtoend" finished-at="2023-05-11T11:36:59 IST" duration-ms="11161" status="PASS">
          <reporter-output>
          </reporter-output>
        </test-method> <!-- endtoend -->
      </class> <!-- com.testautomation.apitesting.tests.EndToEndTest -->
    </test> <!-- Test -->
  </suite> <!-- Suite -->
</testng-results>
